# JRE version: Java(TM) SE Runtime Environment (7.0_79-b15) (build 1.7.0_79-b15)
# Java VM: Java HotSpot(TM) Client VM (24.79-b02 mixed mode windows-x86 )
Heap
 def new generation   total 27072K, used 0K [0x0f200000, 0x10f60000, 0x14750000)
  eden space 24064K,   0% used [0x0f200000, 0x0f200000, 0x10980000)
  from space 3008K,   0% used [0x10980000, 0x10980000, 0x10c70000)
  to   space 3008K,   0% used [0x10c70000, 0x10c70000, 0x10f60000)
 tenured generation   total 60112K, used 30155K [0x14750000, 0x18204000, 0x1f200000)
   the space 60112K,  50% used [0x14750000, 0x164c2ce0, 0x164c2e00, 0x18204000)
 compacting perm gen  total 65536K, used 65534K [0x1f200000, 0x23200000, 0x23200000)
   the space 65536K,  99% used [0x1f200000, 0x231ff980, 0x231ffa00, 0x23200000)
GC Heap History (10 events):
Event: 2899.766 GC heap before
{Heap before GC invocations=211 (full 13):
 def new generation   total 24192K, used 9358K [0x0f200000, 0x10c40000, 0x14750000)
  eden space 21504K,  33% used [0x0f200000, 0x0f9072c8, 0x10700000)
  from space 2688K,  80% used [0x10700000, 0x1091c6a8, 0x109a0000)
  to   space 2688K,   0% used [0x109a0000, 0x109a0000, 0x10c40000)
 tenured generation   total 53648K, used 33502K [0x14750000, 0x17bb4000, 0x1f200000)
   the space 53648K,  62% used [0x14750000, 0x16807a20, 0x16807c00, 0x17bb4000)
 compacting perm gen  total 65536K, used 65535K [0x1f200000, 0x23200000, 0x23200000)
   the space 65536K,  99% used [0x1f200000, 0x231ffff0, 0x23200000, 0x23200000)
No shared spaces configured.
Event: 2900.075 GC heap after
Heap after GC invocations=212 (full 14):
 def new generation   total 27072K, used 0K [0x0f200000, 0x10f60000, 0x14750000)
  eden space 24064K,   0% used [0x0f200000, 0x0f200000, 0x10980000)
  from space 3008K,   0% used [0x10980000, 0x10980000, 0x10c70000)
  to   space 3008K,   0% used [0x10c70000, 0x10c70000, 0x10f60000)
 tenured generation   total 60112K, used 36065K [0x14750000, 0x18204000, 0x1f200000)
   the space 60112K,  59% used [0x14750000, 0x16a88638, 0x16a88800, 0x18204000)
 compacting perm gen  total 65536K, used 65535K [0x1f200000, 0x23200000, 0x23200000)
   the space 65536K,  99% used [0x1f200000, 0x231ffff0, 0x23200000, 0x23200000)
No shared spaces configured.
}
Event: 2900.076 GC heap before
{Heap before GC invocations=212 (full 14):
 def new generation   total 27072K, used 0K [0x0f200000, 0x10f60000, 0x14750000)
  eden space 24064K,   0% used [0x0f200000, 0x0f200000, 0x10980000)
  from space 3008K,   0% used [0x10980000, 0x10980000, 0x10c70000)
  to   space 3008K,   0% used [0x10c70000, 0x10c70000, 0x10f60000)
 tenured generation   total 60112K, used 36065K [0x14750000, 0x18204000, 0x1f200000)
   the space 60112K,  59% used [0x14750000, 0x16a88638, 0x16a88800, 0x18204000)
 compacting perm gen  total 65536K, used 65535K [0x1f200000, 0x23200000, 0x23200000)
   the space 65536K,  99% used [0x1f200000, 0x231ffff0, 0x23200000, 0x23200000)
No shared spaces configured.
Event: 2900.363 GC heap after
Heap after GC invocations=213 (full 15):
 def new generation   total 27072K, used 0K [0x0f200000, 0x10f60000, 0x14750000)
  eden space 24064K,   0% used [0x0f200000, 0x0f200000, 0x10980000)
  from space 3008K,   0% used [0x10980000, 0x10980000, 0x10c70000)
  to   space 3008K,   0% used [0x10c70000, 0x10c70000, 0x10f60000)
 tenured generation   total 60112K, used 32947K [0x14750000, 0x18204000, 0x1f200000)
   the space 60112K,  54% used [0x14750000, 0x1677ccf0, 0x1677ce00, 0x18204000)
 compacting perm gen  total 65536K, used 65535K [0x1f200000, 0x23200000, 0x23200000)
   the space 65536K,  99% used [0x1f200000, 0x231ffff0, 0x23200000, 0x23200000)
No shared spaces configured.
}
Event: 2900.693 GC heap before
{Heap before GC invocations=213 (full 15):
 def new generation   total 27072K, used 2K [0x0f200000, 0x10f60000, 0x14750000)
  eden space 24064K,   0% used [0x0f200000, 0x0f200810, 0x10980000)
  from space 3008K,   0% used [0x10980000, 0x10980000, 0x10c70000)
  to   space 3008K,   0% used [0x10c70000, 0x10c70000, 0x10f60000)
 tenured generation   total 60112K, used 32947K [0x14750000, 0x18204000, 0x1f200000)
   the space 60112K,  54% used [0x14750000, 0x1677ccf0, 0x1677ce00, 0x18204000)
 compacting perm gen  total 65536K, used 65535K [0x1f200000, 0x23200000, 0x23200000)
   the space 65536K,  99% used [0x1f200000, 0x231ffff0, 0x23200000, 0x23200000)
No shared spaces configured.
Event: 2900.987 GC heap after
Heap after GC invocations=214 (full 16):
 def new generation   total 27072K, used 0K [0x0f200000, 0x10f60000, 0x14750000)
  eden space 24064K,   0% used [0x0f200000, 0x0f200000, 0x10980000)
  from space 3008K,   0% used [0x10980000, 0x10980000, 0x10c70000)
  to   space 3008K,   0% used [0x10c70000, 0x10c70000, 0x10f60000)
 tenured generation   total 60112K, used 29968K [0x14750000, 0x18204000, 0x1f200000)
   the space 60112K,  49% used [0x14750000, 0x16494288, 0x16494400, 0x18204000)
 compacting perm gen  total 65536K, used 65333K [0x1f200000, 0x23200000, 0x23200000)
   the space 65536K,  99% used [0x1f200000, 0x231cd560, 0x231cd600, 0x23200000)
No shared spaces configured.
}
Event: 2953.938 GC heap before
{Heap before GC invocations=214 (full 16):
 def new generation   total 27072K, used 4500K [0x0f200000, 0x10f60000, 0x14750000)
  eden space 24064K,  18% used [0x0f200000, 0x0f6651b0, 0x10980000)
  from space 3008K,   0% used [0x10980000, 0x10980000, 0x10c70000)
  to   space 3008K,   0% used [0x10c70000, 0x10c70000, 0x10f60000)
 tenured generation   total 60112K, used 29968K [0x14750000, 0x18204000, 0x1f200000)
   the space 60112K,  49% used [0x14750000, 0x16494288, 0x16494400, 0x18204000)
 compacting perm gen  total 65536K, used 65534K [0x1f200000, 0x23200000, 0x23200000)
   the space 65536K,  99% used [0x1f200000, 0x231ff980, 0x231ffa00, 0x23200000)
No shared spaces configured.
Event: 2954.373 GC heap after
Heap after GC invocations=215 (full 17):
 def new generation   total 27072K, used 0K [0x0f200000, 0x10f60000, 0x14750000)
  eden space 24064K,   0% used [0x0f200000, 0x0f200000, 0x10980000)
  from space 3008K,   0% used [0x10980000, 0x10980000, 0x10c70000)
  to   space 3008K,   0% used [0x10c70000, 0x10c70000, 0x10f60000)
 tenured generation   total 60112K, used 30155K [0x14750000, 0x18204000, 0x1f200000)
   the space 60112K,  50% used [0x14750000, 0x164c2ce0, 0x164c2e00, 0x18204000)
 compacting perm gen  total 65536K, used 65534K [0x1f200000, 0x23200000, 0x23200000)
   the space 65536K,  99% used [0x1f200000, 0x231ff980, 0x231ffa00, 0x23200000)
No shared spaces configured.
}
Event: 2954.374 GC heap before
{Heap before GC invocations=215 (full 17):
 def new generation   total 27072K, used 2K [0x0f200000, 0x10f60000, 0x14750000)
  eden space 24064K,   0% used [0x0f200000, 0x0f200810, 0x10980000)
  from space 3008K,   0% used [0x10980000, 0x10980000, 0x10c70000)
  to   space 3008K,   0% used [0x10c70000, 0x10c70000, 0x10f60000)
 tenured generation   total 60112K, used 30155K [0x14750000, 0x18204000, 0x1f200000)
   the space 60112K,  50% used [0x14750000, 0x164c2ce0, 0x164c2e00, 0x18204000)
 compacting perm gen  total 65536K, used 65534K [0x1f200000, 0x23200000, 0x23200000)
   the space 65536K,  99% used [0x1f200000, 0x231ff980, 0x231ffa00, 0x23200000)
No shared spaces configured.
Event: 2954.756 GC heap after
Heap after GC invocations=216 (full 18):
 def new generation   total 27072K, used 0K [0x0f200000, 0x10f60000, 0x14750000)
  eden space 24064K,   0% used [0x0f200000, 0x0f200000, 0x10980000)
  from space 3008K,   0% used [0x10980000, 0x10980000, 0x10c70000)
  to   space 3008K,   0% used [0x10c70000, 0x10c70000, 0x10f60000)
 tenured generation   total 60112K, used 30155K [0x14750000, 0x18204000, 0x1f200000)
   the space 60112K,  50% used [0x14750000, 0x164c2ce0, 0x164c2e00, 0x18204000)
 compacting perm gen  total 65536K, used 65534K [0x1f200000, 0x23200000, 0x23200000)
   the space 65536K,  99% used [0x1f200000, 0x231ff980, 0x231ffa00, 0x23200000)
No shared spaces configured.
}

